Drill report for keygame-batpack.kicad_pcb
Created on Sat Jun 11 22:33:11 2022

Copper Layer Stackup:
    =============================================================
    L1 :  F.Cu                      front
    L2 :  B.Cu                      back


Drill file 'keygame-batpack.drl' contains
    plated through holes:
    =============================================================
    T1  0.40mm  0.016"  (1 hole)
    T2  0.50mm  0.020"  (32 holes)
    T3  0.90mm  0.035"  (3 holes)
    T4  1.00mm  0.039"  (18 holes)
    T5  1.17mm  0.046"  (2 holes)
    T6  1.20mm  0.047"  (6 holes)
    T7  1.50mm  0.059"  (4 holes)
    T8  3.20mm  0.126"  (4 holes)

    Total plated holes count 70


Not plated through holes are merged with plated holes
    unplated through holes:
    =============================================================
    T9  3.56mm  0.140"  (1 hole)

    Total unplated holes count 1
